--- Copying all files to /root/.m2 at Mon May 29 09:24:08 UTC 2023
'./settings-docker.xml' -> '/root/.m2/./settings-docker.xml'
'.' -> '/root/.m2/.'

--- Copying individual files to /root/.m2 at Mon May 29 09:30:49 UTC 2023

--- Copying individual files to /root/.m2 at Mon May 29 09:34:02 UTC 2023

--- Copying individual files to /root/.m2 at Mon May 29 09:45:32 UTC 2023

--- Copying individual files to /root/.m2 at Mon May 29 09:45:46 UTC 2023

--- Copying individual files to /root/.m2 at Mon May 29 10:00:04 UTC 2023

--- Copying individual files to /root/.m2 at Mon May 29 11:02:43 UTC 2023

--- Copying individual files to /root/.m2 at Wed May 31 12:02:25 UTC 2023

--- Copying individual files to /root/.m2 at Wed May 31 12:02:53 UTC 2023

--- Copying individual files to /root/.m2 at Wed May 31 12:03:00 UTC 2023

--- Copying individual files to /root/.m2 at Wed May 31 12:54:05 UTC 2023

--- Copying individual files to /root/.m2 at Wed May 31 13:08:37 UTC 2023

--- Copying individual files to /root/.m2 at Wed May 31 13:29:39 UTC 2023

--- Copying individual files to /root/.m2 at Wed May 31 16:49:44 UTC 2023

--- Copying individual files to /root/.m2 at Wed May 31 16:50:21 UTC 2023

--- Copying individual files to /root/.m2 at Wed May 31 16:50:37 UTC 2023

--- Copying individual files to /root/.m2 at Wed May 31 16:50:41 UTC 2023

--- Copying individual files to /root/.m2 at Wed May 31 17:01:08 UTC 2023

--- Copying individual files to /root/.m2 at Wed May 31 17:01:21 UTC 2023

--- Copying individual files to /root/.m2 at Wed May 31 17:40:27 UTC 2023

--- Copying individual files to /root/.m2 at Wed May 31 18:11:59 UTC 2023

